Unity Editor version:    2021.1.20f1 (be552157821d)
Branch:                  2021.1/staging
Build type:              Release
Batch mode:              YES
macOS version:           Version 11.6 (Build 20G165)
Darwin version:          20.6.0
Architecture:            x86_64
Running under Rosetta:   NO
Available memory:        8192 MB
Using pre-set license
Pro License: NO
Pro License: NO

COMMAND LINE ARGUMENTS:
/Applications/Unity/Hub/Editor/2021.1.20f1/Unity.app/Contents/MacOS/Unity
-adb2
-batchMode
-noUpm
-name
AssetImportWorker2
-projectPath
/Users/diogomontalvao/Desktop/Faculdade/5ยบ Semestre/Project V/Github/ProjectV/Project5
-logFile
Logs/AssetImportWorker2.log
-srvPort
55843
Successfully changed project path to: /Users/diogomontalvao/Desktop/Faculdade/5ยบ Semestre/Project V/Github/ProjectV/Project5
/Users/diogomontalvao/Desktop/Faculdade/5ยบ Semestre/Project V/Github/ProjectV/Project5
Using Asset Import Pipeline V2.
Refreshing native plugins compatible for Editor in 297.30 ms, found 6 plugins.
Preloading 1 native plugins for Editor in 38.71 ms.
Initialize engine version: 2021.1.20f1 (be552157821d)
[Subsystems] Discovering subsystems at path /Applications/Unity/Hub/Editor/2021.1.20f1/Unity.app/Contents/Resources/UnitySubsystems
[Subsystems] Discovering subsystems at path /Users/diogomontalvao/Desktop/Faculdade/5ยบ Semestre/Project V/Github/ProjectV/Project5/Assets
GfxDevice: creating device client; threaded=0; jobified=0
2021-12-04 22:39:57.673 Unity[1527:7758128] Color LCD preferred device: Intel(R) Iris(TM) Graphics 540 (low power)
2021-12-04 22:39:57.673 Unity[1527:7758128] Metal devices available: 1
2021-12-04 22:39:57.674 Unity[1527:7758128] 0: Intel(R) Iris(TM) Graphics 540 (low power)
2021-12-04 22:39:57.674 Unity[1527:7758128] Using device Intel(R) Iris(TM) Graphics 540 (low power)
Initializing Metal device caps: Intel(R) Iris(TM) Graphics 540
Shader 'Oculus/OVRMRCameraFrameLit': fallback shader 'Alpha-Diffuse' not found
Initialize mono
Mono path[0] = '/Applications/Unity/Hub/Editor/2021.1.20f1/Unity.app/Contents/Managed'
Mono path[1] = '/Applications/Unity/Hub/Editor/2021.1.20f1/Unity.app/Contents/MonoBleedingEdge/lib/mono/unityjit'
Mono config path = '/Applications/Unity/Hub/Editor/2021.1.20f1/Unity.app/Contents/MonoBleedingEdge/etc'
Using monoOptions --debugger-agent=transport=dt_socket,embedding=1,server=y,suspend=n,address=127.0.0.1:56527
Begin MonoManager ReloadAssembly
Registering precompiled unity dll's ...
Register platform support module: /Applications/Unity/Hub/Editor/2021.1.20f1/Unity.app/Contents/PlaybackEngines/MacStandaloneSupport/UnityEditor.OSXStandalone.Extensions.dll
Registered in 0.005171 seconds.
Native extension for OSXStandalone target not found
Refreshing native plugins compatible for Editor in 222.24 ms, found 6 plugins.
Preloading 1 native plugins for Editor in 1.75 ms.
Mono: successfully reloaded assembly
- Completed reload, in 18.881 seconds
Domain Reload Profiling:
	ReloadAssembly (18881ms)
		BeginReloadAssembly (593ms)
			ExecutionOrderSort (0ms)
			DisableScriptedObjects (0ms)
			BackupInstance (0ms)
			ReleaseScriptingObjects (0ms)
			CreateAndSetChildDomain (3ms)
		EndReloadAssembly (3712ms)
			LoadAssemblies (590ms)
			RebuildTransferFunctionScriptingTraits (0ms)
			SetupTypeCache (1780ms)
			ReleaseScriptCaches (0ms)
			RebuildScriptCaches (129ms)
			SetupLoadedEditorAssemblies (1439ms)
				LogAssemblyErrors (0ms)
				InitializePlatformSupportModulesInManaged (23ms)
				SetLoadedEditorAssemblies (1ms)
				RefreshPlugins (224ms)
				BeforeProcessingInitializeOnLoad (6ms)
				ProcessInitializeOnLoadAttributes (1049ms)
				ProcessInitializeOnLoadMethodAttributes (135ms)
				AfterProcessingInitializeOnLoad (0ms)
				EditorAssembliesLoaded (1ms)
			ExecutionOrderSort2 (0ms)
			AwakeInstancesAfterBackupRestoration (0ms)
Platform modules already initialized, skipping
Registering precompiled user dll's ...
Registered in 0.020738 seconds.
Begin MonoManager ReloadAssembly
